<?xml version="1.0" encoding="UTF-8"?><testrun name="TestCP_009" project="Historia-Usuario" tests="1" started="1" failures="0" errors="1" ignored="0">
  <testsuite name="TestCP_009" time="0.001">
    <testcase name="initializationError" classname="TestCP_009" time="0.001">
      <error>cucumber.runtime.DuplicateStepDefinitionException: Duplicate step definitions in SteDefinitionCP_009.fill_in_with(String,String) in file:/E:/Documents/eclipse-workspace/Historia-Usuario/target/test-classes/ and SteDefinitionCP_009.fill_in_with1(String,String) in file:/E:/Documents/eclipse-workspace/Historia-Usuario/target/test-classes/&#13;
	at cucumber.runtime.RuntimeGlue.addStepDefinition(RuntimeGlue.java:33)&#13;
	at cucumber.runtime.java.JavaBackend.addStepDefinition(JavaBackend.java:151)&#13;
	at cucumber.runtime.java.MethodScanner.scan(MethodScanner.java:68)&#13;
	at cucumber.runtime.java.MethodScanner.scan(MethodScanner.java:41)&#13;
	at cucumber.runtime.java.JavaBackend.loadGlue(JavaBackend.java:86)&#13;
	at cucumber.runtime.Runtime.&lt;init&gt;(Runtime.java:92)&#13;
	at cucumber.runtime.Runtime.&lt;init&gt;(Runtime.java:70)&#13;
	at cucumber.runtime.Runtime.&lt;init&gt;(Runtime.java:66)&#13;
	at cucumber.api.junit.Cucumber.createRuntime(Cucumber.java:80)&#13;
	at cucumber.api.junit.Cucumber.&lt;init&gt;(Cucumber.java:59)&#13;
	at java.base/jdk.internal.reflect.NativeConstructorAccessorImpl.newInstance0(Native Method)&#13;
	at java.base/jdk.internal.reflect.NativeConstructorAccessorImpl.newInstance(NativeConstructorAccessorImpl.java:62)&#13;
	at java.base/jdk.internal.reflect.DelegatingConstructorAccessorImpl.newInstance(DelegatingConstructorAccessorImpl.java:45)&#13;
	at java.base/java.lang.reflect.Constructor.newInstanceWithCaller(Constructor.java:500)&#13;
	at java.base/java.lang.reflect.Constructor.newInstance(Constructor.java:481)&#13;
	at org.junit.internal.builders.AnnotatedBuilder.buildRunner(AnnotatedBuilder.java:104)&#13;
	at org.junit.internal.builders.AnnotatedBuilder.runnerForClass(AnnotatedBuilder.java:86)&#13;
	at org.junit.runners.model.RunnerBuilder.safeRunnerForClass(RunnerBuilder.java:59)&#13;
	at org.junit.internal.builders.AllDefaultPossibilitiesBuilder.runnerForClass(AllDefaultPossibilitiesBuilder.java:26)&#13;
	at org.junit.runners.model.RunnerBuilder.safeRunnerForClass(RunnerBuilder.java:59)&#13;
	at org.junit.internal.requests.ClassRequest.getRunner(ClassRequest.java:33)&#13;
	at org.eclipse.jdt.internal.junit4.runner.JUnit4TestLoader.createUnfilteredTest(JUnit4TestLoader.java:90)&#13;
	at org.eclipse.jdt.internal.junit4.runner.JUnit4TestLoader.createTest(JUnit4TestLoader.java:76)&#13;
	at org.eclipse.jdt.internal.junit4.runner.JUnit4TestLoader.loadTests(JUnit4TestLoader.java:49)&#13;
	at org.eclipse.jdt.internal.junit.runner.RemoteTestRunner.runTests(RemoteTestRunner.java:526)&#13;
	at org.eclipse.jdt.internal.junit.runner.RemoteTestRunner.runTests(RemoteTestRunner.java:770)&#13;
	at org.eclipse.jdt.internal.junit.runner.RemoteTestRunner.run(RemoteTestRunner.java:464)&#13;
	at org.eclipse.jdt.internal.junit.runner.RemoteTestRunner.main(RemoteTestRunner.java:210)&#13;
&#13;
</error>
    </testcase>
  </testsuite>
</testrun>
