<?xml version="1.0" encoding="UTF-8"?><testrun name="TestCP_019" project="Historia-Usuario" tests="1" started="1" failures="0" errors="1" ignored="0">
  <testsuite name="TestCP_019" time="0.001">
    <testcase name="initializationError" classname="TestCP_019" time="0.001">
      <error>java.lang.IndexOutOfBoundsException: Index 1 out of bounds for length 1&#13;
	at java.base/jdk.internal.util.Preconditions.outOfBounds(Preconditions.java:64)&#13;
	at java.base/jdk.internal.util.Preconditions.outOfBoundsCheckIndex(Preconditions.java:70)&#13;
	at java.base/jdk.internal.util.Preconditions.checkIndex(Preconditions.java:248)&#13;
	at java.base/java.util.Objects.checkIndex(Objects.java:373)&#13;
	at java.base/java.util.ArrayList.get(ArrayList.java:427)&#13;
	at cucumber.runtime.model.CucumberScenarioOutline.replaceTokens(CucumberScenarioOutline.java:117)&#13;
	at cucumber.runtime.model.CucumberScenarioOutline.createExampleScenario(CucumberScenarioOutline.java:57)&#13;
	at cucumber.runtime.model.CucumberExamples.createExampleScenarios(CucumberExamples.java:28)&#13;
	at cucumber.runtime.junit.ExamplesRunner.buildRunners(ExamplesRunner.java:28)&#13;
	at cucumber.runtime.junit.ExamplesRunner.&lt;init&gt;(ExamplesRunner.java:21)&#13;
	at cucumber.runtime.junit.ScenarioOutlineRunner.buildRunners(ScenarioOutlineRunner.java:29)&#13;
	at cucumber.runtime.junit.ScenarioOutlineRunner.&lt;init&gt;(ScenarioOutlineRunner.java:21)&#13;
	at cucumber.runtime.junit.FeatureRunner.buildFeatureElementRunners(FeatureRunner.java:81)&#13;
	at cucumber.runtime.junit.FeatureRunner.&lt;init&gt;(FeatureRunner.java:31)&#13;
	at cucumber.api.junit.Cucumber.addChildren(Cucumber.java:108)&#13;
	at cucumber.api.junit.Cucumber.&lt;init&gt;(Cucumber.java:64)&#13;
	at java.base/jdk.internal.reflect.NativeConstructorAccessorImpl.newInstance0(Native Method)&#13;
	at java.base/jdk.internal.reflect.NativeConstructorAccessorImpl.newInstance(NativeConstructorAccessorImpl.java:62)&#13;
	at java.base/jdk.internal.reflect.DelegatingConstructorAccessorImpl.newInstance(DelegatingConstructorAccessorImpl.java:45)&#13;
	at java.base/java.lang.reflect.Constructor.newInstanceWithCaller(Constructor.java:500)&#13;
	at java.base/java.lang.reflect.Constructor.newInstance(Constructor.java:481)&#13;
	at org.junit.internal.builders.AnnotatedBuilder.buildRunner(AnnotatedBuilder.java:104)&#13;
	at org.junit.internal.builders.AnnotatedBuilder.runnerForClass(AnnotatedBuilder.java:86)&#13;
	at org.junit.runners.model.RunnerBuilder.safeRunnerForClass(RunnerBuilder.java:59)&#13;
	at org.junit.internal.builders.AllDefaultPossibilitiesBuilder.runnerForClass(AllDefaultPossibilitiesBuilder.java:26)&#13;
	at org.junit.runners.model.RunnerBuilder.safeRunnerForClass(RunnerBuilder.java:59)&#13;
	at org.junit.internal.requests.ClassRequest.getRunner(ClassRequest.java:33)&#13;
	at org.eclipse.jdt.internal.junit4.runner.JUnit4TestLoader.createUnfilteredTest(JUnit4TestLoader.java:90)&#13;
	at org.eclipse.jdt.internal.junit4.runner.JUnit4TestLoader.createTest(JUnit4TestLoader.java:76)&#13;
	at org.eclipse.jdt.internal.junit4.runner.JUnit4TestLoader.loadTests(JUnit4TestLoader.java:49)&#13;
	at org.eclipse.jdt.internal.junit.runner.RemoteTestRunner.runTests(RemoteTestRunner.java:526)&#13;
	at org.eclipse.jdt.internal.junit.runner.RemoteTestRunner.runTests(RemoteTestRunner.java:770)&#13;
	at org.eclipse.jdt.internal.junit.runner.RemoteTestRunner.run(RemoteTestRunner.java:464)&#13;
	at org.eclipse.jdt.internal.junit.runner.RemoteTestRunner.main(RemoteTestRunner.java:210)&#13;
&#13;
</error>
    </testcase>
  </testsuite>
</testrun>
